<!DOCTYPE html PUBLIC "-//W3C//DTD XHTML 1.1//EN" "http://www.w3.org/TR/xhtml11/DTD/xhtml11.dtd">
<html xmlns="http://www.w3.org/1999/xhtml"><head><title>TestNG Report</title><style type="text/css">table {margin-bottom:10px;border-collapse:collapse;empty-cells:show}th,td {border:1px solid #009;padding:.25em .5em}th {vertical-align:bottom}td {vertical-align:top}table a {font-weight:bold}.stripe td {background-color: #E6EBF9}.num {text-align:right}.passedodd td {background-color: #3F3}.passedeven td {background-color: #0A0}.skippedodd td {background-color: #DDD}.skippedeven td {background-color: #CCC}.failedodd td,.attn {background-color: #F33}.failedeven td,.stripe .attn {background-color: #D00}.stacktrace {white-space:pre;font-family:monospace}.totop {font-size:85%;text-align:center;border-bottom:2px solid #000}</style></head><body><table><tr><th>Test</th><th># Passed</th><th># Skipped</th><th># Failed</th><th>Time (ms)</th><th>Included Groups</th><th>Excluded Groups</th></tr><tr><th colspan="7">AppTest</th></tr><tr><td><a href="#t0">AppTest</a></td><td class="num">3</td><td class="num">0</td><td class="num attn">3</td><td class="num">32</td><td></td><td></td></tr></table><table><thead><tr><th>Class</th><th>Method</th><th>Start</th><th>Time (ms)</th></tr></thead><tbody><tr><th colspan="4">AppTest</th></tr></tbody><tbody id="t0"><tr><th colspan="4">AppTest &#8212; failed</th></tr><tr class="failedeven"><td rowspan="3">com.cisco.test.jenkinsTest.SampleTest</td><td><a href="#m0">failingTest</a></td><td rowspan="1">1493372533178</td><td rowspan="1">9</td></tr><tr class="failedeven"><td><a href="#m1">failingTest1</a></td><td rowspan="1">1493372533191</td><td rowspan="1">0</td></tr><tr class="failedeven"><td><a href="#m2">failingTest2</a></td><td rowspan="1">1493372533193</td><td rowspan="1">0</td></tr><tr><th colspan="4">AppTest &#8212; passed</th></tr><tr class="passedeven"><td rowspan="3">com.cisco.test.jenkinsTest.SampleTest</td><td><a href="#m3">passingTest</a></td><td rowspan="1">1493372533195</td><td rowspan="1">1</td></tr><tr class="passedeven"><td><a href="#m4">passingTest1</a></td><td rowspan="1">1493372533197</td><td rowspan="1">0</td></tr><tr class="passedeven"><td><a href="#m5">passingTest2</a></td><td rowspan="1">1493372533198</td><td rowspan="1">1</td></tr></tbody></table><h2>AppTest</h2><h3 id="m0">com.cisco.test.jenkinsTest.SampleTest#failingTest</h3><table class="result"><tr><th>Exception</th></tr><tr><td><div class="stacktrace">java.lang.AssertionError: expected [true] but found [false]
	at com.cisco.test.jenkinsTest.SampleTest.failingTest(SampleTest.java:35)
... Removed 28 stack frames</div></td></tr></table><p class="totop"><a href="#summary">back to summary</a></p><h3 id="m1">com.cisco.test.jenkinsTest.SampleTest#failingTest1</h3><table class="result"><tr><th>Exception</th></tr><tr><td><div class="stacktrace">java.lang.AssertionError: expected [true] but found [false]
	at com.cisco.test.jenkinsTest.SampleTest.failingTest1(SampleTest.java:40)
... Removed 28 stack frames</div></td></tr></table><p class="totop"><a href="#summary">back to summary</a></p><h3 id="m2">com.cisco.test.jenkinsTest.SampleTest#failingTest2</h3><table class="result"><tr><th>Exception</th></tr><tr><td><div class="stacktrace">java.lang.AssertionError: expected [true] but found [false]
	at com.cisco.test.jenkinsTest.SampleTest.failingTest2(SampleTest.java:45)
... Removed 28 stack frames</div></td></tr></table><p class="totop"><a href="#summary">back to summary</a></p><h3 id="m3">com.cisco.test.jenkinsTest.SampleTest#passingTest</h3><table class="result"></table><p class="totop"><a href="#summary">back to summary</a></p><h3 id="m4">com.cisco.test.jenkinsTest.SampleTest#passingTest1</h3><table class="result"></table><p class="totop"><a href="#summary">back to summary</a></p><h3 id="m5">com.cisco.test.jenkinsTest.SampleTest#passingTest2</h3><table class="result"></table><p class="totop"><a href="#summary">back to summary</a></p></body></html>